# JRE version: Java(TM) SE Runtime Environment (13.0.2+8) (build 13.0.2+8)
# Java VM: Java HotSpot(TM) 64-Bit Server VM (13.0.2+8, mixed mode, sharing, tiered, compressed oops, g1 gc, windows-amd64)
Heap:
 garbage-first heap   total 82944K, used 23997K [0x0000000081e00000, 0x0000000100000000)
  region size 1024K, 3 young (3072K), 3 survivors (3072K)
 Metaspace       used 55931K, capacity 57322K, committed 57336K, reserved 1114112K
  class space    used 7343K, capacity 7928K, committed 7936K, reserved 1048576K
GC Heap History (20 events):
Event: 1.785 GC heap before
{Heap before GC invocations=3 (full 0):
 garbage-first heap   total 131072K, used 51713K [0x0000000081e00000, 0x0000000100000000)
  region size 1024K, 49 young (50176K), 8 survivors (8192K)
 Metaspace       used 20475K, capacity 21207K, committed 21248K, reserved 1067008K
  class space    used 2498K, capacity 2798K, committed 2816K, reserved 1048576K
}
Event: 1.798 GC heap after
{Heap after GC invocations=4 (full 0):
 garbage-first heap   total 131072K, used 12543K [0x0000000081e00000, 0x0000000100000000)
  region size 1024K, 6 young (6144K), 6 survivors (6144K)
 Metaspace       used 20475K, capacity 21207K, committed 21248K, reserved 1067008K
  class space    used 2498K, capacity 2798K, committed 2816K, reserved 1048576K
}
Event: 2.560 GC heap before
{Heap before GC invocations=5 (full 0):
 garbage-first heap   total 48128K, used 47359K [0x0000000081e00000, 0x0000000100000000)
  region size 1024K, 40 young (40960K), 6 survivors (6144K)
 Metaspace       used 25647K, capacity 26572K, committed 26752K, reserved 1073152K
  class space    used 3216K, capacity 3593K, committed 3712K, reserved 1048576K
}
Event: 2.568 GC heap after
{Heap after GC invocations=6 (full 0):
 garbage-first heap   total 69632K, used 14797K [0x0000000081e00000, 0x0000000100000000)
  region size 1024K, 7 young (7168K), 7 survivors (7168K)
 Metaspace       used 25647K, capacity 26572K, committed 26752K, reserved 1073152K
  class space    used 3216K, capacity 3593K, committed 3712K, reserved 1048576K
}
Event: 2.639 GC heap before
{Heap before GC invocations=6 (full 0):
 garbage-first heap   total 69632K, used 47565K [0x0000000081e00000, 0x0000000100000000)
  region size 1024K, 40 young (40960K), 7 survivors (7168K)
 Metaspace       used 26473K, capacity 27387K, committed 27520K, reserved 1073152K
  class space    used 3297K, capacity 3694K, committed 3712K, reserved 1048576K
}
Event: 2.643 GC heap after
{Heap after GC invocations=7 (full 0):
 garbage-first heap   total 69632K, used 15927K [0x0000000081e00000, 0x0000000100000000)
  region size 1024K, 2 young (2048K), 2 survivors (2048K)
 Metaspace       used 26473K, capacity 27387K, committed 27520K, reserved 1073152K
  class space    used 3297K, capacity 3694K, committed 3712K, reserved 1048576K
}
Event: 2.724 GC heap before
{Heap before GC invocations=7 (full 0):
 garbage-first heap   total 69632K, used 50743K [0x0000000081e00000, 0x0000000100000000)
  region size 1024K, 37 young (37888K), 2 survivors (2048K)
 Metaspace       used 27165K, capacity 28124K, committed 28416K, reserved 1073152K
  class space    used 3358K, capacity 3769K, committed 3840K, reserved 1048576K
}
Event: 2.725 GC heap after
{Heap after GC invocations=8 (full 0):
 garbage-first heap   total 69632K, used 15517K [0x0000000081e00000, 0x0000000100000000)
  region size 1024K, 1 young (1024K), 1 survivors (1024K)
 Metaspace       used 27165K, capacity 28124K, committed 28416K, reserved 1073152K
  class space    used 3358K, capacity 3769K, committed 3840K, reserved 1048576K
}
Event: 3.056 GC heap before
{Heap before GC invocations=8 (full 0):
 garbage-first heap   total 69632K, used 52381K [0x0000000081e00000, 0x0000000100000000)
  region size 1024K, 38 young (38912K), 1 survivors (1024K)
 Metaspace       used 29881K, capacity 30976K, committed 31104K, reserved 1077248K
  class space    used 3704K, capacity 4147K, committed 4224K, reserved 1048576K
}
Event: 3.060 GC heap after
{Heap after GC invocations=9 (full 0):
 garbage-first heap   total 69632K, used 16646K [0x0000000081e00000, 0x0000000100000000)
  region size 1024K, 3 young (3072K), 3 survivors (3072K)
 Metaspace       used 29881K, capacity 30976K, committed 31104K, reserved 1077248K
  class space    used 3704K, capacity 4147K, committed 4224K, reserved 1048576K
}
Event: 3.530 GC heap before
{Heap before GC invocations=9 (full 0):
 garbage-first heap   total 69632K, used 48390K [0x0000000081e00000, 0x0000000100000000)
  region size 1024K, 35 young (35840K), 3 survivors (3072K)
 Metaspace       used 34336K, capacity 35376K, committed 35584K, reserved 1079296K
  class space    used 4403K, capacity 4842K, committed 4864K, reserved 1048576K
}
Event: 3.533 GC heap after
{Heap after GC invocations=10 (full 0):
 garbage-first heap   total 69632K, used 17493K [0x0000000081e00000, 0x0000000100000000)
  region size 1024K, 3 young (3072K), 3 survivors (3072K)
 Metaspace       used 34336K, capacity 35376K, committed 35584K, reserved 1079296K
  class space    used 4403K, capacity 4842K, committed 4864K, reserved 1048576K
}
Event: 4.010 GC heap before
{Heap before GC invocations=11 (full 0):
 garbage-first heap   total 68608K, used 54357K [0x0000000081e00000, 0x0000000100000000)
  region size 1024K, 39 young (39936K), 3 survivors (3072K)
 Metaspace       used 43471K, capacity 44669K, committed 44792K, reserved 1087488K
  class space    used 5618K, capacity 6087K, committed 6144K, reserved 1048576K
}
Event: 4.014 GC heap after
{Heap after GC invocations=12 (full 0):
 garbage-first heap   total 68608K, used 19805K [0x0000000081e00000, 0x0000000100000000)
  region size 1024K, 5 young (5120K), 5 survivors (5120K)
 Metaspace       used 43471K, capacity 44669K, committed 44792K, reserved 1087488K
  class space    used 5618K, capacity 6087K, committed 6144K, reserved 1048576K
}
Event: 4.316 GC heap before
{Heap before GC invocations=12 (full 0):
 garbage-first heap   total 68608K, used 53597K [0x0000000081e00000, 0x0000000100000000)
  region size 1024K, 38 young (38912K), 5 survivors (5120K)
 Metaspace       used 48000K, capacity 49217K, committed 49528K, reserved 1091584K
  class space    used 6203K, capacity 6680K, committed 6784K, reserved 1048576K
}
Event: 4.320 GC heap after
{Heap after GC invocations=13 (full 0):
 garbage-first heap   total 68608K, used 21433K [0x0000000081e00000, 0x0000000100000000)
  region size 1024K, 4 young (4096K), 4 survivors (4096K)
 Metaspace       used 48000K, capacity 49217K, committed 49528K, reserved 1091584K
  class space    used 6203K, capacity 6680K, committed 6784K, reserved 1048576K
}
Event: 4.604 GC heap before
{Heap before GC invocations=13 (full 0):
 garbage-first heap   total 68608K, used 54201K [0x0000000081e00000, 0x0000000100000000)
  region size 1024K, 36 young (36864K), 4 survivors (4096K)
 Metaspace       used 51549K, capacity 52769K, committed 52856K, reserved 1095680K
  class space    used 6774K, capacity 7244K, committed 7296K, reserved 1048576K
}
Event: 4.607 GC heap after
{Heap after GC invocations=14 (full 0):
 garbage-first heap   total 82944K, used 22396K [0x0000000081e00000, 0x0000000100000000)
  region size 1024K, 3 young (3072K), 3 survivors (3072K)
 Metaspace       used 51549K, capacity 52769K, committed 52856K, reserved 1095680K
  class space    used 6774K, capacity 7244K, committed 7296K, reserved 1048576K
}
Event: 4.844 GC heap before
{Heap before GC invocations=14 (full 0):
 garbage-first heap   total 82944K, used 60284K [0x0000000081e00000, 0x0000000100000000)
  region size 1024K, 40 young (40960K), 3 survivors (3072K)
 Metaspace       used 52380K, capacity 53608K, committed 53752K, reserved 1095680K
  class space    used 6911K, capacity 7374K, committed 7424K, reserved 1048576K
}
Event: 4.847 GC heap after
{Heap after GC invocations=15 (full 0):
 garbage-first heap   total 82944K, used 23597K [0x0000000081e00000, 0x0000000100000000)
  region size 1024K, 4 young (4096K), 4 survivors (4096K)
 Metaspace       used 52380K, capacity 53608K, committed 53752K, reserved 1095680K
  class space    used 6911K, capacity 7374K, committed 7424K, reserved 1048576K
}

